<?xml version="1.0" encoding="UTF-8"?>
<!-- Generated by org.testng.reporters.JUnitReportReporter -->
<testsuite skipped="0" hostname="dilireddy" name="datadrivenframeprograms.CreateCustomer" tests="1" failures="0" timestamp="2019-10-30T17:16:39 IST" time="3.709" errors="0">
  <testcase name="testCreateCustomer" time="3.709" classname="datadrivenframeprograms.CreateCustomer"/>
</testsuite> <!-- datadrivenframeprograms.CreateCustomer -->
