<?xml version="1.0" encoding="UTF-8"?>
<!-- Generated by org.testng.reporters.JUnitReportReporter -->
<testsuite skipped="0" hostname="dilireddy" name="datadrivenframeprograms.CreateProject" tests="1" failures="0" timestamp="2019-10-25T19:05:45 IST" time="2.464" errors="0">
  <testcase name="testCreateProject" time="2.464" classname="datadrivenframeprograms.CreateProject"/>
</testsuite> <!-- datadrivenframeprograms.CreateProject -->
