<?xml version="1.0" encoding="UTF-8"?>
<!-- Generated by org.testng.reporters.JUnitReportReporter -->
<testsuite skipped="0" hostname="dilireddy" name="datadrivenframeprograms.Handlingnewwindows" tests="1" failures="0" timestamp="2019-10-25T12:20:33 IST" time="4.941" errors="0">
  <testcase name="createcustomer" time="4.941" classname="datadrivenframeprograms.Handlingnewwindows"/>
</testsuite> <!-- datadrivenframeprograms.Handlingnewwindows -->
