<?xml version="1.0" encoding="UTF-8"?>
<!-- Generated by org.testng.reporters.JUnitReportReporter -->
<testsuite skipped="0" hostname="dilireddy" name="datadrivenframeprograms.Testcreatecustomer" tests="1" failures="0" timestamp="2019-10-24T23:23:45 IST" time="1.625" errors="0">
  <testcase name="createcustomer" time="1.625" classname="datadrivenframeprograms.Testcreatecustomer"/>
</testsuite> <!-- datadrivenframeprograms.Testcreatecustomer -->
