<?xml version="1.0" encoding="UTF-8"?>
<!-- Generated by org.testng.reporters.JUnitReportReporter -->
<testsuite skipped="0" hostname="dilireddy" name="datadrivenframeprograms.Testcreateproject" tests="1" failures="0" timestamp="2019-10-24T23:35:48 IST" time="2.085" errors="0">
  <testcase name="createcustomer" time="2.085" classname="datadrivenframeprograms.Testcreateproject"/>
</testsuite> <!-- datadrivenframeprograms.Testcreateproject -->
