<?xml version="1.0" encoding="UTF-8"?>
<!-- Generated by org.testng.reporters.JUnitReportReporter -->
<testsuite skipped="0" hostname="dilireddy" name="datadrivenframeprograms.DeleteCustomer" tests="1" failures="0" timestamp="2019-10-25T18:38:42 IST" time="4.082" errors="0">
  <testcase name="testDeleteCustomer" time="4.082" classname="datadrivenframeprograms.DeleteCustomer"/>
</testsuite> <!-- datadrivenframeprograms.DeleteCustomer -->
